Vivado Simulator v2025.2
Copyright 1986-2022 Xilinx, Inc. All Rights Reserved.
Copyright 2022-2025 Advanced Micro Devices, Inc. All Rights Reserved.
Running: C:/Appz/AMDDesignTools/2025.2/Vivado/bin/unwrapped/win64.o/xelab.exe --incr --debug typical --relax --mt 2 -L xil_defaultlib -L secureip --snapshot uart_top_behav xil_defaultlib.uart_top -log elaborate.log 
Using 2 slave threads.
Starting static elaboration
WARNING: [VRFC 10-3813] value in initialization depends on signal 'sig_tx_flush' [C:/Users/270798/Desktop/UART/uart_top/uart_top.srcs/sources_1/new/uart_top.vhd:89]
Completed static elaboration
Starting simulation data flow analysis
Completed simulation data flow analysis
Time Resolution for simulation is 1ps
Compiling package std.standard
Compiling package std.textio
Compiling package ieee.std_logic_1164
Compiling package ieee.numeric_std
Compiling architecture behavioral of entity xil_defaultlib.clk_en [\clk_en(g_max=200000)\]
Compiling architecture behavioral of entity xil_defaultlib.debounce [debounce_default]
Compiling architecture behavioral of entity xil_defaultlib.fifo [fifo_default]
Compiling architecture behavioral of entity xil_defaultlib.fifo [\fifo(data_width=8)\]
Compiling architecture behavioral of entity xil_defaultlib.uart_tx [uart_tx_default]
Compiling architecture behavioral of entity xil_defaultlib.uart_rx [uart_rx_default]
Compiling architecture behavioral of entity xil_defaultlib.clk_en [\clk_en(g_max=800000)\]
Compiling architecture behavioral of entity xil_defaultlib.counter [\counter(g_bits=1)\]
Compiling architecture behavioral of entity xil_defaultlib.bin2seg [bin2seg_default]
Compiling architecture behavioral of entity xil_defaultlib.display_driver [display_driver_default]
Compiling architecture behavioral of entity xil_defaultlib.uart_top
Built simulation snapshot uart_top_behav
