
*** Running vivado
    with args -log debounce_counter_top.vds -m64 -product Vivado -mode batch -messageDb vivado.pb -notrace -source debounce_counter_top.tcl



****** Vivado v2025.2 (64-bit)
  **** SW Build 6299465 on Fri Nov 14 19:35:11 GMT 2025
  **** IP Build 6300035 on Fri Nov 14 10:48:45 MST 2025
  **** SharedData Build 6298862 on Thu Nov 13 04:50:51 MST 2025
  **** Start of session at: Fri Mar 20 10:40:30 2026
    ** Copyright 1986-2022 Xilinx, Inc. All Rights Reserved.
    ** Copyright 2022-2025 Advanced Micro Devices, Inc. All Rights Reserved.

source debounce_counter_top.tcl -notrace
create_project: Time (s): cpu = 00:00:12 ; elapsed = 00:00:09 . Memory (MB): peak = 559.320 ; gain = 252.098
Command: read_checkpoint -auto_incremental -incremental C:/Users/xpupik00/Documents/de1/debounce/debounce.srcs/utils_1/imports/synth_1/debounce_counter_top.dcp
INFO: [Vivado 12-5825] Read reference checkpoint from C:/Users/xpupik00/Documents/de1/debounce/debounce.srcs/utils_1/imports/synth_1/debounce_counter_top.dcp for incremental synthesis
INFO: [Vivado 12-7989] Please ensure there are no constraint changes
Command: synth_design -top debounce_counter_top -part xc7a50ticsg324-1L
Starting synth_design
Attempting to get a license for feature 'Synthesis' and/or device 'xc7a50ti'
INFO: [Common 17-349] Got license for feature 'Synthesis' and/or device 'xc7a50ti'
INFO: [Device 21-403] Loading part xc7a50ticsg324-1L
INFO: [Designutils 20-5440] No compile time benefit to using incremental synthesis; A full resynthesis will be run
INFO: [Designutils 20-4379] Flow is switching to default flow due to incremental criteria not met. If you would like to alter this behaviour and have the flow terminate instead, please set the following parameter config_implementation {autoIncr.Synth.RejectBehavior Terminate}
INFO: [Synth 8-7079] Multithreading enabled for synth_design using a maximum of 2 processes.
INFO: [Synth 8-7078] Launching helper process for spawning children vivado processes
INFO: [Synth 8-7075] Helper process launched with PID 9768
---------------------------------------------------------------------------------
Starting RTL Elaboration : Time (s): cpu = 00:00:07 ; elapsed = 00:00:07 . Memory (MB): peak = 1292.883 ; gain = 542.578
---------------------------------------------------------------------------------
ERROR: [Synth 8-11560] semicolon after last interface declaration is only supported in VHDL 1076-2019 [C:/Users/xpupik00/Documents/de1/debounce/debounce.srcs/sources_1/new/debounce_counter_top.vhd:42]
INFO: [Synth 8-11252] unit 'behavioral' is ignored due to previous errors [C:/Users/xpupik00/Documents/de1/debounce/debounce.srcs/sources_1/new/debounce_counter_top.vhd:90]
INFO: [Synth 8-10443] VHDL file 'C:/Users/xpupik00/Documents/de1/debounce/debounce.srcs/sources_1/new/debounce_counter_top.vhd' is ignored due to errors
ERROR: [Synth 8-12189] Failed to read vhdl 'C:/Users/xpupik00/Documents/de1/debounce/debounce.srcs/sources_1/new/debounce_counter_top.vhd'
---------------------------------------------------------------------------------
Finished RTL Elaboration : Time (s): cpu = 00:00:08 ; elapsed = 00:00:09 . Memory (MB): peak = 1403.109 ; gain = 652.805
---------------------------------------------------------------------------------
RTL Elaboration failed
INFO: [Common 17-83] Releasing license: Synthesis
12 Infos, 0 Warnings, 0 Critical Warnings and 3 Errors encountered.
synth_design failed
synth_design: Time (s): cpu = 00:00:10 ; elapsed = 00:00:13 . Memory (MB): peak = 1403.109 ; gain = 838.270
ERROR: [Common 17-69] Command failed: Synthesis failed - please see the console or run log file for details
INFO: [Common 17-206] Exiting Vivado at Fri Mar 20 10:40:56 2026...
